[ 2014-05-30T16:59:38+08:00 ] 127.0.0.1 /thinkphp312/curd/
INFO: [ app_begin ] --START--
INFO: Run ReadHtmlCache Behavior [ RunTime:0.000581s ]
INFO: [ app_begin ] --END-- [ RunTime:0.000680s ]
SQL: SHOW COLUMNS FROM `think_form` [ RunTime:0.002725s ]
SQL: SELECT * FROM `think_form` ORDER BY id desc LIMIT 3   [ RunTime:0.000327s ]
INFO: [ view_template ] --START--
INFO: Run LocationTemplate Behavior [ RunTime:0.001275s ]
INFO: [ view_template ] --END-- [ RunTime:0.001367s ]
INFO: [ view_parse ] --START--
NOTIC: [8] Undefined index: email C:\wamp\www\thinkphp312\curd\Runtime\Cache\f12c0a77906a0f355c95666536d66c0f.php 第 39 行.
NOTIC: [8] Undefined index: email C:\wamp\www\thinkphp312\curd\Runtime\Cache\f12c0a77906a0f355c95666536d66c0f.php 第 39 行.
NOTIC: [8] Undefined index: email C:\wamp\www\thinkphp312\curd\Runtime\Cache\f12c0a77906a0f355c95666536d66c0f.php 第 39 行.
INFO: Run ParseTemplate Behavior [ RunTime:0.026173s ]
INFO: [ view_parse ] --END-- [ RunTime:0.026266s ]
INFO: [ view_filter ] --START--
INFO: Run ContentReplace Behavior [ RunTime:0.000449s ]
INFO: Run TokenBuild Behavior [ RunTime:0.000475s ]
INFO: Run WriteHtmlCache Behavior [ RunTime:0.000305s ]
INFO: Run ShowRuntime Behavior [ RunTime:0.000606s ]
INFO: [ view_filter ] --END-- [ RunTime:0.002090s ]
INFO: [ view_end ] --START--
INFO: Run ShowPageTrace Behavior [ RunTime:0.000606s ]
INFO: [ view_end ] --END-- [ RunTime:0.000691s ]

