[ 2014-05-30T17:08:04+08:00 ] 127.0.0.1 /thinkphp312/ajax/
INFO: [ app_begin ] --START--
INFO: Run ReadHtmlCache Behavior [ RunTime:0.000732s ]
INFO: [ app_begin ] --END-- [ RunTime:0.000861s ]
SQL: SHOW COLUMNS FROM `think_form` [ RunTime:0.019240s ]
SQL: SELECT * FROM `think_form` ORDER BY id desc LIMIT 3   [ RunTime:0.000289s ]
INFO: [ view_template ] --START--
INFO: Run LocationTemplate Behavior [ RunTime:0.000742s ]
INFO: [ view_template ] --END-- [ RunTime:0.000833s ]
INFO: [ view_parse ] --START--
INFO: Run ParseTemplate Behavior [ RunTime:0.009957s ]
INFO: [ view_parse ] --END-- [ RunTime:0.010056s ]
INFO: [ view_filter ] --START--
INFO: Run ContentReplace Behavior [ RunTime:0.000620s ]
INFO: Run TokenBuild Behavior [ RunTime:0.000612s ]
INFO: Run WriteHtmlCache Behavior [ RunTime:0.000497s ]
INFO: Run ShowRuntime Behavior [ RunTime:0.000714s ]
INFO: [ view_filter ] --END-- [ RunTime:0.002681s ]
INFO: [ view_end ] --START--
INFO: Run ShowPageTrace Behavior [ RunTime:0.000753s ]
INFO: [ view_end ] --END-- [ RunTime:0.000837s ]

